<?xml version="1.0" encoding="UTF-8"?>
<!-- Generated by org.testng.reporters.JUnitReportReporter -->
<testsuite skipped="0" hostname="ShraddhaK-Laptop" name="testpackage1.NewTest" tests="1" failures="0" timestamp="29 Jan 2019 10:54:46 GMT" time="18.568" errors="0">
  <testcase name="f" time="18.568" classname="testpackage1.NewTest"/>
</testsuite> <!-- testpackage1.NewTest -->
