<?xml version="1.0" encoding="UTF-8"?>
<!-- Generated by org.testng.reporters.JUnitReportReporter -->
<testsuite skipped="0" hostname="ShraddhaK-Laptop" name="testpackage1.NewTest" tests="2" failures="0" timestamp="30 Jan 2019 08:06:25 GMT" time="29.137" errors="0">
  <testcase name="Login" time="21.200" classname="testpackage1.NewTest"/>
  <testcase name="Dashboard" time="7.937" classname="testpackage1.NewTest"/>
</testsuite> <!-- testpackage1.NewTest -->
