<?xml version="1.0" encoding="UTF-8"?>
<!-- Generated by org.testng.reporters.JUnitReportReporter -->
<testsuite skipped="0" hostname="ShraddhaK-Laptop" name="testpackage1.NewTest" tests="2" failures="0" timestamp="30 Jan 2019 06:50:28 GMT" time="29.844" errors="0">
  <testcase name="Login" time="24.284" classname="testpackage1.NewTest"/>
  <testcase name="Dashboard" time="5.560" classname="testpackage1.NewTest"/>
</testsuite> <!-- testpackage1.NewTest -->
